[03-09-2022_02:13:49] Connecting to Management vCenter Server pesxi-02.sil.net ...
[03-09-2022_02:13:49] Deploying Nested ESXi VM vesxi70-01.lab01.vlab.net ...
[03-09-2022_02:13:49] Adding vmnic2/vmnic3 to Tanzu-VTEP ...
[03-09-2022_02:13:49] Updating vCPU Count to 4 & vMEM to 24 GB ...
[03-09-2022_02:13:50] Updating vSAN Cache VMDK size to 8 GB & Capacity VMDK size to 100 GB ...
[03-09-2022_02:13:50] Powering On vesxi70-01.lab01.vlab.net ...
[03-09-2022_02:13:50] Deploying Nested ESXi VM vesxi70-02.lab01.vlab.net ...
[03-09-2022_02:13:50] Adding vmnic2/vmnic3 to Tanzu-VTEP ...
[03-09-2022_02:13:50] Updating vCPU Count to 4 & vMEM to 24 GB ...
[03-09-2022_02:13:50] Updating vSAN Cache VMDK size to 8 GB & Capacity VMDK size to 100 GB ...
[03-09-2022_02:13:50] Powering On vesxi70-02.lab01.vlab.net ...
[03-09-2022_02:13:50] Deploying Nested ESXi VM vesxi70-03.lab01.vlab.net ...
[03-09-2022_02:13:50] Adding vmnic2/vmnic3 to Tanzu-VTEP ...
[03-09-2022_02:13:50] Updating vCPU Count to 4 & vMEM to 24 GB ...
[03-09-2022_02:13:50] Updating vSAN Cache VMDK size to 8 GB & Capacity VMDK size to 100 GB ...
[03-09-2022_02:13:50] Powering On vesxi70-03.lab01.vlab.net ...
[03-09-2022_02:13:50] Deploying Nested ESXi VM vesxi70-04.lab01.vlab.net ...
[03-09-2022_02:13:50] Adding vmnic2/vmnic3 to Tanzu-VTEP ...
[03-09-2022_02:13:50] Updating vCPU Count to 4 & vMEM to 24 GB ...
[03-09-2022_02:13:50] Updating vSAN Cache VMDK size to 8 GB & Capacity VMDK size to 100 GB ...
[03-09-2022_02:13:50] Powering On vesxi70-04.lab01.vlab.net ...
[03-09-2022_02:13:50] Deploying NSX Manager VM tanzu-nsx-3 ...
[03-09-2022_02:13:50] Updating vCPU Count to 6 & vMEM to 24 GB ...
[03-09-2022_02:13:50] Disabling vCPU Reservation ...
[03-09-2022_02:13:50] Powering On tanzu-nsx-3 ...
[03-09-2022_02:13:50] Creating VCSA JSON Configuration file for deployment ...
[03-09-2022_02:13:50] Deploying the VCSA ...
